<?xml version="1.0" encoding="UTF-8"?>
<!-- Generated by org.testng.reporters.JUnitXMLReporter -->
<testsuite hostname="hp" ignored="0" name="Default test" tests="5" failures="0" timestamp="2022-02-17T18:37:19 IST" time="136.749" errors="0">
  <testcase name="loginPageTitleTest" time="0.026" classname="demo.testcases.LoginPageTests"/>
  <testcase name="loginWithInvalidData" time="1.01" classname="demo.testcases.LoginPageTests"/>
  <testcase name="loginWithInvalidData" time="1.024" classname="demo.testcases.LoginPageTests"/>
  <testcase name="loginWithInvalidData" time="40.572" classname="demo.testcases.LoginPageTests"/>
  <testcase name="loginWithValidData" time="3.241" classname="demo.testcases.LoginPageTests"/>
</testsuite> <!-- Default test -->
