<?xml version="1.0" encoding="UTF-8"?>
<!-- Generated by org.testng.reporters.JUnitXMLReporter -->
<testsuite hostname="hp" ignored="1" name="BankTests" tests="10" failures="0" timestamp="2022-02-14T17:56:36 IST" time="156.279" errors="0">
  <testcase name="loginPageTitleTest" time="0.031" classname="demo.testcases.LoginPageTests"/>
  <testcase name="loginWithInvalidData" time="0.921" classname="demo.testcases.LoginPageTests"/>
  <testcase name="loginWithInvalidData" time="1.025" classname="demo.testcases.LoginPageTests"/>
  <testcase name="loginWithInvalidData" time="40.639" classname="demo.testcases.LoginPageTests"/>
  <testcase name="loginWithValidData" time="2.608" classname="demo.testcases.LoginPageTests"/>
  <testcase name="ManagerPageTitleTest" time="0.018" classname="demo.testcases.ManagerPageTests"/>
  <testcase name="verifyManagerIdTest" time="0.293" classname="demo.testcases.ManagerPageTests"/>
  <testcase name="verifyAllLinksTest" time="1.004" classname="demo.testcases.ManagerPageTests"/>
  <testcase name="verifynewCustomerlinkTest" time="1.017" classname="demo.testcases.ManagerPageTests"/>
  <testcase name="NewCustomerPageTitleTest" time="0.016" classname="demo.testcases.NewCustomerPageTests"/>
  <testcase name="validateNewCutomerCreationTest" time="0.0" classname="demo.testcases.NewCustomerPageTests">
    <ignored/>
  </testcase> <!-- validateNewCutomerCreationTest -->
</testsuite> <!-- BankTests -->
