<?xml version="1.0" encoding="UTF-8"?>
<!-- Generated by org.testng.reporters.JUnitXMLReporter -->
<testsuite hostname="hp" ignored="0" name="Test" tests="5" failures="0" timestamp="2022-01-26T16:00:37 IST" time="62.986" errors="0">
  <testcase name="loginPageTitleTest" time="0.043" classname="com.guru99.demo.testcases.LoginTests"/>
  <testcase name="loginWithInvalidData" time="1.274" classname="com.guru99.demo.testcases.LoginTests"/>
  <testcase name="loginWithInvalidData" time="1.207" classname="com.guru99.demo.testcases.LoginTests"/>
  <testcase name="loginWithInvalidData" time="1.138" classname="com.guru99.demo.testcases.LoginTests"/>
  <testcase name="loginWithValidData" time="2.259" classname="com.guru99.demo.testcases.LoginTests"/>
</testsuite> <!-- Test -->
