<?xml version="1.0" encoding="UTF-8"?>
<testsuite xmlns:xsi="http://www.w3.org/2001/XMLSchema-instance" xsi:noNamespaceSchemaLocation="https://maven.apache.org/surefire/maven-surefire-plugin/xsd/surefire-test-report.xsd" name="TestSuite" time="225.387" tests="12" errors="0" skipped="0" failures="2">
  <properties>
[...]
</properties>
  <testcase name="loginPageTitleTest" classname="demo.testcases.LoginPageTests" time="0.03"/>
  <testcase name="loginWithInvalidData" classname="demo.testcases.LoginPageTests" time="1"/>
  <testcase name="loginWithInvalidData" classname="demo.testcases.LoginPageTests" time="1.191"/>
  <testcase name="loginWithInvalidData" classname="demo.testcases.LoginPageTests" time="1.315"/>
  <testcase name="loginWithValidData" classname="demo.testcases.LoginPageTests" time="2.814"/>
  <testcase name="ManagerPageTitleTest" classname="demo.testcases.ManagerPageTests" time="0.016"/>
  <testcase name="verifyManagerIdTest" classname="demo.testcases.ManagerPageTests" time="0.371"/>
  <testcase name="verifyAllLinksTest" classname="demo.testcases.ManagerPageTests" time="0.696"/>
  <testcase name="verifynewCustomerlinkTest" classname="demo.testcases.ManagerPageTests" time="4.366"/>
  <testcase name="NewCustomerPageTitleTest" classname="demo.testcases.NewCustomerPageTests" time="3.366"/>
  <testcase name="validateNewCutomerCreationTest" classname="demo.testcases.NewCustomerPageTests" time="22.99">
    <failure message="no such element: Unable to locate element: {&quot;method&quot;:&quot;xpath&quot;,&quot;selector&quot;:&quot;//P[@class=&apos;heading3&apos; and contains(text(), &apos;Customer Registered Successfully!!!&apos;)]&quot;}&#10;  (Session info: chrome=98.0.4758.82)&#10;For documentation on this error, please visit: https://selenium.dev/exceptions/#no_such_element&#10;Build info: version: &apos;4.0.0&apos;, revision: &apos;3a21814679&apos;&#10;System info: host: &apos;HP&apos;, ip: &apos;192.168.0.80&apos;, os.name: &apos;Windows 8.1&apos;, os.arch: &apos;amd64&apos;, os.version: &apos;6.3&apos;, java.version: &apos;1.8.0_241&apos;&#10;Driver info: org.openqa.selenium.chrome.ChromeDriver&#10;Command: [3a3519135d48e1cc12fde383e1b48859, findElement {using=xpath, value=//P[@class=&apos;heading3&apos; and contains(text(), &apos;Customer Registered Successfully!!!&apos;)]}]&#10;Capabilities {acceptInsecureCerts: false, browserName: chrome, browserVersion: 98.0.4758.82, chrome: {chromedriverVersion: 97.0.4692.71 (adefa7837d02a..., userDataDir: C:\Users\hp-pc\AppData\Loca...}, goog:chromeOptions: {debuggerAddress: localhost:63502}, javascriptEnabled: true, networkConnectionEnabled: false, pageLoadStrategy: normal, platform: WINDOWS, platformName: WINDOWS, proxy: Proxy(), se:cdp: ws://localhost:63502/devtoo..., se:cdpVersion: 98.0.4758.82, setWindowRect: true, strictFileInteractability: false, timeouts: {implicit: 0, pageLoad: 300000, script: 30000}, unhandledPromptBehavior: dismiss and notify, webauthn:extension:credBlob: true, webauthn:extension:largeBlob: true, webauthn:virtualAuthenticators: true}&#10;Session ID: 3a3519135d48e1cc12fde383e1b48859" type="org.openqa.selenium.NoSuchElementException">org.openqa.selenium.NoSuchElementException: 
no such element: Unable to locate element: {"method":"xpath","selector":"//P[@class='heading3' and contains(text(), 'Customer Registered Successfully!!!')]"}
  (Session info: chrome=98.0.4758.82)
For documentation on this error, please visit: https://selenium.dev/exceptions/#no_such_element
Build info: version: '4.0.0', revision: '3a21814679'
System info: host: 'HP', ip: '192.168.0.80', os.name: 'Windows 8.1', os.arch: 'amd64', os.version: '6.3', java.version: '1.8.0_241'
Driver info: org.openqa.selenium.chrome.ChromeDriver
Command: [3a3519135d48e1cc12fde383e1b48859, findElement {using=xpath, value=//P[@class='heading3' and contains(text(), 'Customer Registered Successfully!!!')]}]
Capabilities {acceptInsecureCerts: false, browserName: chrome, browserVersion: 98.0.4758.82, chrome: {chromedriverVersion: 97.0.4692.71 (adefa7837d02a..., userDataDir: C:\Users\hp-pc\AppData\Loca...}, goog:chromeOptions: {debuggerAddress: localhost:63502}, javascriptEnabled: true, networkConnectionEnabled: false, pageLoadStrategy: normal, platform: WINDOWS, platformName: WINDOWS, proxy: Proxy(), se:cdp: ws://localhost:63502/devtoo..., se:cdpVersion: 98.0.4758.82, setWindowRect: true, strictFileInteractability: false, timeouts: {implicit: 0, pageLoad: 300000, script: 30000}, unhandledPromptBehavior: dismiss and notify, webauthn:extension:credBlob: true, webauthn:extension:largeBlob: true, webauthn:virtualAuthenticators: true}
Session ID: 3a3519135d48e1cc12fde383e1b48859
	at demo.testcases.NewCustomerPageTests.validateNewCutomerCreationTest(NewCustomerPageTests.java:47)
</failure>
    <system-out><![CDATA[Logout from application.
]]></system-out>
    <system-err><![CDATA[Starting ChromeDriver 97.0.4692.71 (adefa7837d02a07a604c1e6eff0b3a09422ab88d-refs/branch-heads/4692@{#1247}) on port 64253
Only local connections are allowed.
Please see https://chromedriver.chromium.org/security-considerations for suggestions on keeping ChromeDriver safe.
ChromeDriver was started successfully.
[1644844015.301][WARNING]: This version of ChromeDriver has not been tested with Chrome version 98.
Feb 14, 2022 6:36:55 PM org.openqa.selenium.remote.ProtocolHandshake createSession
INFO: Detected dialect: W3C
Feb 14, 2022 6:36:55 PM org.openqa.selenium.devtools.CdpVersionFinder findNearestMatch
WARNING: Unable to find an exact match for CDP version 98, so returning the closest version found: 95
Feb 14, 2022 6:36:55 PM org.openqa.selenium.devtools.CdpVersionFinder findNearestMatch
INFO: Found CDP implementation for version 98 of 95
]]></system-err>
  </testcase>
  <testcase name="validateNewCutomerCreationTest" classname="demo.testcases.NewCustomerPageTests" time="25.958">
    <failure message="no such element: Unable to locate element: {&quot;method&quot;:&quot;xpath&quot;,&quot;selector&quot;:&quot;//P[@class=&apos;heading3&apos; and contains(text(), &apos;Customer Registered Successfully!!!&apos;)]&quot;}&#10;  (Session info: chrome=98.0.4758.82)&#10;For documentation on this error, please visit: https://selenium.dev/exceptions/#no_such_element&#10;Build info: version: &apos;4.0.0&apos;, revision: &apos;3a21814679&apos;&#10;System info: host: &apos;HP&apos;, ip: &apos;192.168.0.80&apos;, os.name: &apos;Windows 8.1&apos;, os.arch: &apos;amd64&apos;, os.version: &apos;6.3&apos;, java.version: &apos;1.8.0_241&apos;&#10;Driver info: org.openqa.selenium.chrome.ChromeDriver&#10;Command: [4979078b34cf3438f4a165633cbfbb74, findElement {using=xpath, value=//P[@class=&apos;heading3&apos; and contains(text(), &apos;Customer Registered Successfully!!!&apos;)]}]&#10;Capabilities {acceptInsecureCerts: false, browserName: chrome, browserVersion: 98.0.4758.82, chrome: {chromedriverVersion: 97.0.4692.71 (adefa7837d02a..., userDataDir: C:\Users\hp-pc\AppData\Loca...}, goog:chromeOptions: {debuggerAddress: localhost:63578}, javascriptEnabled: true, networkConnectionEnabled: false, pageLoadStrategy: normal, platform: WINDOWS, platformName: WINDOWS, proxy: Proxy(), se:cdp: ws://localhost:63578/devtoo..., se:cdpVersion: 98.0.4758.82, setWindowRect: true, strictFileInteractability: false, timeouts: {implicit: 0, pageLoad: 300000, script: 30000}, unhandledPromptBehavior: dismiss and notify, webauthn:extension:credBlob: true, webauthn:extension:largeBlob: true, webauthn:virtualAuthenticators: true}&#10;Session ID: 4979078b34cf3438f4a165633cbfbb74" type="org.openqa.selenium.NoSuchElementException">org.openqa.selenium.NoSuchElementException: 
no such element: Unable to locate element: {"method":"xpath","selector":"//P[@class='heading3' and contains(text(), 'Customer Registered Successfully!!!')]"}
  (Session info: chrome=98.0.4758.82)
For documentation on this error, please visit: https://selenium.dev/exceptions/#no_such_element
Build info: version: '4.0.0', revision: '3a21814679'
System info: host: 'HP', ip: '192.168.0.80', os.name: 'Windows 8.1', os.arch: 'amd64', os.version: '6.3', java.version: '1.8.0_241'
Driver info: org.openqa.selenium.chrome.ChromeDriver
Command: [4979078b34cf3438f4a165633cbfbb74, findElement {using=xpath, value=//P[@class='heading3' and contains(text(), 'Customer Registered Successfully!!!')]}]
Capabilities {acceptInsecureCerts: false, browserName: chrome, browserVersion: 98.0.4758.82, chrome: {chromedriverVersion: 97.0.4692.71 (adefa7837d02a..., userDataDir: C:\Users\hp-pc\AppData\Loca...}, goog:chromeOptions: {debuggerAddress: localhost:63578}, javascriptEnabled: true, networkConnectionEnabled: false, pageLoadStrategy: normal, platform: WINDOWS, platformName: WINDOWS, proxy: Proxy(), se:cdp: ws://localhost:63578/devtoo..., se:cdpVersion: 98.0.4758.82, setWindowRect: true, strictFileInteractability: false, timeouts: {implicit: 0, pageLoad: 300000, script: 30000}, unhandledPromptBehavior: dismiss and notify, webauthn:extension:credBlob: true, webauthn:extension:largeBlob: true, webauthn:virtualAuthenticators: true}
Session ID: 4979078b34cf3438f4a165633cbfbb74
	at demo.testcases.NewCustomerPageTests.validateNewCutomerCreationTest(NewCustomerPageTests.java:47)
</failure>
    <system-out><![CDATA[Logout from application.
]]></system-out>
    <system-err><![CDATA[Starting ChromeDriver 97.0.4692.71 (adefa7837d02a07a604c1e6eff0b3a09422ab88d-refs/branch-heads/4692@{#1247}) on port 62345
Only local connections are allowed.
Please see https://chromedriver.chromium.org/security-considerations for suggestions on keeping ChromeDriver safe.
ChromeDriver was started successfully.
[1644844058.029][WARNING]: This version of ChromeDriver has not been tested with Chrome version 98.
Feb 14, 2022 6:37:38 PM org.openqa.selenium.remote.ProtocolHandshake createSession
INFO: Detected dialect: W3C
Feb 14, 2022 6:37:38 PM org.openqa.selenium.devtools.CdpVersionFinder findNearestMatch
WARNING: Unable to find an exact match for CDP version 98, so returning the closest version found: 95
Feb 14, 2022 6:37:38 PM org.openqa.selenium.devtools.CdpVersionFinder findNearestMatch
INFO: Found CDP implementation for version 98 of 95
]]></system-err>
  </testcase>
</testsuite>